# JRE version: OpenJDK Runtime Environment (26.0.1+8) (build 26.0.1+8-34)
# Java VM: OpenJDK 64-Bit Server VM (26.0.1+8-34, mixed mode, sharing, tiered, compressed oops, compressed class ptrs, g1 gc, windows-amd64)
GC Precious Log:
 CardTable entry size: 512
 Card Set container configuration: InlinePtr #cards 4 size 8 Array Of Cards #cards 16 size 48 Howl #buckets 8 coarsen threshold 3686 Howl Bitmap #cards 512 size 80 coarsen threshold 460 Card regions per heap region 1 cards per card region 4096
 CPUs: 8 total, 8 available
 Memory: 16219M
 Large Page Support: Disabled
 NUMA Support: Disabled
 Compressed Oops: Enabled (Zero based)
 Heap Region Size: 2M
 Heap Min Capacity: 8M
 Heap Initial Capacity: 8M
 Heap Max Capacity: 4056M
 Pre-touch: Disabled
 Parallel Workers: 8
 Concurrent Workers: 2
 Concurrent Refinement Workers: 8
 Periodic GC: Disabled
Heap:
 garbage-first heap   total reserved 4153344K, committed 284672K, used 122776K [0x0000000702800000, 0x0000000800000000)
  region size 2M, 28 eden (56M), 3 survivor (6M), 27 old (54M), 4 humongous (8M), 77 free (154M)
GC Heap Usage History (20 events):
Event: 1.902 {heap Before GC invocations=8 (full 0):
 garbage-first heap   total reserved 4153344K, committed 36864K, used 25366K [0x0000000702800000, 0x0000000800000000)
  region size 2M, 8 eden (16M), 2 survivor (4M), 4 old (8M), 0 humongous (0M), 4 free (8M)
}
Event: 1.913 {heap After GC invocations=9 (full 0):
 garbage-first heap   total reserved 4153344K, committed 110592K, used 10751K [0x0000000702800000, 0x0000000800000000)
  region size 2M, 0 eden (0M), 2 survivor (4M), 4 old (8M), 0 humongous (0M), 48 free (96M)
}
Event: 2.785 {heap Before GC invocations=9 (full 0):
 garbage-first heap   total reserved 4153344K, committed 110592K, used 72191K [0x0000000702800000, 0x0000000800000000)
  region size 2M, 30 eden (60M), 2 survivor (4M), 4 old (8M), 0 humongous (0M), 18 free (36M)
}
Event: 2.796 {heap After GC invocations=10 (full 0):
 garbage-first heap   total reserved 4153344K, committed 110592K, used 14913K [0x0000000702800000, 0x0000000800000000)
  region size 2M, 0 eden (0M), 4 survivor (8M), 4 old (8M), 0 humongous (0M), 46 free (92M)
}
Event: 3.864 {heap Before GC invocations=10 (full 0):
 garbage-first heap   total reserved 4153344K, committed 110592K, used 72257K [0x0000000702800000, 0x0000000800000000)
  region size 2M, 27 eden (54M), 4 survivor (8M), 4 old (8M), 2 humongous (4M), 17 free (34M)
}
Event: 3.882 {heap After GC invocations=11 (full 0):
 garbage-first heap   total reserved 4153344K, committed 110592K, used 25412K [0x0000000702800000, 0x0000000800000000)
  region size 2M, 0 eden (0M), 4 survivor (8M), 7 old (14M), 2 humongous (4M), 41 free (82M)
}
Event: 4.815 {heap Before GC invocations=12 (full 0):
 garbage-first heap   total reserved 4153344K, committed 110592K, used 82756K [0x0000000702800000, 0x0000000800000000)
  region size 2M, 28 eden (56M), 4 survivor (8M), 7 old (14M), 2 humongous (4M), 13 free (26M)
}
Event: 4.846 {heap After GC invocations=13 (full 0):
 garbage-first heap   total reserved 4153344K, committed 110592K, used 44049K [0x0000000702800000, 0x0000000800000000)
  region size 2M, 0 eden (0M), 4 survivor (8M), 16 old (32M), 2 humongous (4M), 32 free (64M)
}
Event: 5.262 {heap Before GC invocations=13 (full 0):
 garbage-first heap   total reserved 4153344K, committed 110592K, used 87057K [0x0000000702800000, 0x0000000800000000)
  region size 2M, 21 eden (42M), 4 survivor (8M), 16 old (32M), 2 humongous (4M), 11 free (22M)
}
Event: 5.288 {heap After GC invocations=14 (full 0):
 garbage-first heap   total reserved 4153344K, committed 110592K, used 51359K [0x0000000702800000, 0x0000000800000000)
  region size 2M, 0 eden (0M), 4 survivor (8M), 20 old (40M), 2 humongous (4M), 28 free (56M)
}
Event: 6.260 {heap Before GC invocations=14 (full 0):
 garbage-first heap   total reserved 4153344K, committed 110592K, used 88223K [0x0000000702800000, 0x0000000800000000)
  region size 2M, 18 eden (36M), 4 survivor (8M), 20 old (40M), 2 humongous (4M), 10 free (20M)
}
Event: 6.282 {heap After GC invocations=15 (full 0):
 garbage-first heap   total reserved 4153344K, committed 110592K, used 55664K [0x0000000702800000, 0x0000000800000000)
  region size 2M, 0 eden (0M), 2 survivor (4M), 24 old (48M), 2 humongous (4M), 26 free (52M)
}
Event: 6.917 {heap Before GC invocations=15 (full 0):
 garbage-first heap   total reserved 4153344K, committed 110592K, used 92528K [0x0000000702800000, 0x0000000800000000)
  region size 2M, 18 eden (36M), 2 survivor (4M), 24 old (48M), 2 humongous (4M), 8 free (16M)
}
Event: 6.931 {heap After GC invocations=16 (full 0):
 garbage-first heap   total reserved 4153344K, committed 284672K, used 58903K [0x0000000702800000, 0x0000000800000000)
  region size 2M, 0 eden (0M), 2 survivor (4M), 26 old (52M), 2 humongous (4M), 109 free (218M)
}
Event: 9.968 {heap Before GC invocations=17 (full 0):
 garbage-first heap   total reserved 4153344K, committed 284672K, used 224791K [0x0000000702800000, 0x0000000800000000)
  region size 2M, 81 eden (162M), 2 survivor (4M), 26 old (52M), 3 humongous (6M), 27 free (54M)
}
Event: 9.975 {heap After GC invocations=18 (full 0):
 garbage-first heap   total reserved 4153344K, committed 284672K, used 69804K [0x0000000702800000, 0x0000000800000000)
  region size 2M, 0 eden (0M), 6 survivor (12M), 26 old (52M), 3 humongous (6M), 104 free (208M)
}
Event: 11.410 {heap Before GC invocations=18 (full 0):
 garbage-first heap   total reserved 4153344K, committed 284672K, used 231596K [0x0000000702800000, 0x0000000800000000)
  region size 2M, 77 eden (154M), 6 survivor (12M), 26 old (52M), 6 humongous (12M), 24 free (48M)
}
Event: 11.423 {heap After GC invocations=19 (full 0):
 garbage-first heap   total reserved 4153344K, committed 284672K, used 77837K [0x0000000702800000, 0x0000000800000000)
  region size 2M, 0 eden (0M), 11 survivor (22M), 24 old (48M), 4 humongous (8M), 100 free (200M)
}
Event: 14.479 {heap Before GC invocations=19 (full 0):
 garbage-first heap   total reserved 4153344K, committed 284672K, used 227341K [0x0000000702800000, 0x0000000800000000)
  region size 2M, 72 eden (144M), 11 survivor (22M), 24 old (48M), 5 humongous (10M), 27 free (54M)
}
Event: 14.485 {heap After GC invocations=20 (full 0):
 garbage-first heap   total reserved 4153344K, committed 284672K, used 65432K [0x0000000702800000, 0x0000000800000000)
  region size 2M, 0 eden (0M), 3 survivor (6M), 27 old (54M), 3 humongous (6M), 106 free (212M)
}

