# JRE version: OpenJDK Runtime Environment (26.0.1+8) (build 26.0.1+8-34)
# Java VM: OpenJDK 64-Bit Server VM (26.0.1+8-34, mixed mode, sharing, tiered, compressed oops, compressed class ptrs, g1 gc, windows-amd64)
GC Precious Log:
 CardTable entry size: 512
 Card Set container configuration: InlinePtr #cards 4 size 8 Array Of Cards #cards 16 size 48 Howl #buckets 8 coarsen threshold 3686 Howl Bitmap #cards 512 size 80 coarsen threshold 460 Card regions per heap region 1 cards per card region 4096
 CPUs: 8 total, 8 available
 Memory: 16219M
 Large Page Support: Disabled
 NUMA Support: Disabled
 Compressed Oops: Enabled (Zero based)
 Heap Region Size: 2M
 Heap Min Capacity: 8M
 Heap Initial Capacity: 8M
 Heap Max Capacity: 4056M
 Pre-touch: Disabled
 Parallel Workers: 8
 Concurrent Workers: 2
 Concurrent Refinement Workers: 8
 Periodic GC: Disabled
Heap:
 garbage-first heap   total reserved 4153344K, committed 307200K, used 183091K [0x0000000702800000, 0x0000000800000000)
  region size 2M, 41 eden (82M), 4 survivor (8M), 40 old (80M), 7 humongous (14M), 58 free (116M)
GC Heap Usage History (20 events):
Event: 7.659 {heap Before GC invocations=14 (full 0):
 garbage-first heap   total reserved 4153344K, committed 114688K, used 91174K [0x0000000702800000, 0x0000000800000000)
  region size 2M, 21 eden (42M), 4 survivor (8M), 18 old (36M), 2 humongous (4M), 11 free (22M)
}
Event: 7.689 {heap After GC invocations=15 (full 0):
 garbage-first heap   total reserved 4153344K, committed 114688K, used 53407K [0x0000000702800000, 0x0000000800000000)
  region size 2M, 0 eden (0M), 4 survivor (8M), 21 old (42M), 2 humongous (4M), 29 free (58M)
}
Event: 8.939 {heap Before GC invocations=15 (full 0):
 garbage-first heap   total reserved 4153344K, committed 114688K, used 92319K [0x0000000702800000, 0x0000000800000000)
  region size 2M, 19 eden (38M), 4 survivor (8M), 21 old (42M), 2 humongous (4M), 10 free (20M)
}
Event: 8.970 {heap After GC invocations=16 (full 0):
 garbage-first heap   total reserved 4153344K, committed 114688K, used 57508K [0x0000000702800000, 0x0000000800000000)
  region size 2M, 0 eden (0M), 2 survivor (4M), 25 old (50M), 2 humongous (4M), 27 free (54M)
}
Event: 9.880 {heap Before GC invocations=16 (full 0):
 garbage-first heap   total reserved 4153344K, committed 114688K, used 96420K [0x0000000702800000, 0x0000000800000000)
  region size 2M, 19 eden (38M), 2 survivor (4M), 25 old (50M), 2 humongous (4M), 8 free (16M)
}
Event: 9.904 {heap After GC invocations=17 (full 0):
 garbage-first heap   total reserved 4153344K, committed 307200K, used 60500K [0x0000000702800000, 0x0000000800000000)
  region size 2M, 0 eden (0M), 2 survivor (4M), 27 old (54M), 2 humongous (4M), 119 free (238M)
}
Event: 13.228 {heap Before GC invocations=18 (full 0):
 garbage-first heap   total reserved 4153344K, committed 307200K, used 242772K [0x0000000702800000, 0x0000000800000000)
  region size 2M, 88 eden (176M), 2 survivor (4M), 27 old (54M), 4 humongous (8M), 29 free (58M)
}
Event: 13.239 {heap After GC invocations=19 (full 0):
 garbage-first heap   total reserved 4153344K, committed 307200K, used 76825K [0x0000000702800000, 0x0000000800000000)
  region size 2M, 0 eden (0M), 8 survivor (16M), 27 old (54M), 4 humongous (8M), 111 free (222M)
}
Event: 15.223 {heap Before GC invocations=19 (full 0):
 garbage-first heap   total reserved 4153344K, committed 307200K, used 246809K [0x0000000702800000, 0x0000000800000000)
  region size 2M, 81 eden (162M), 8 survivor (16M), 27 old (54M), 7 humongous (14M), 27 free (54M)
}
Event: 15.232 {heap After GC invocations=20 (full 0):
 garbage-first heap   total reserved 4153344K, committed 307200K, used 72048K [0x0000000702800000, 0x0000000800000000)
  region size 2M, 0 eden (0M), 7 survivor (14M), 25 old (50M), 5 humongous (10M), 113 free (226M)
}
Event: 17.340 {heap Before GC invocations=20 (full 0):
 garbage-first heap   total reserved 4153344K, committed 307200K, used 244080K [0x0000000702800000, 0x0000000800000000)
  region size 2M, 83 eden (166M), 7 survivor (14M), 25 old (50M), 6 humongous (12M), 29 free (58M)
}
Event: 17.345 {heap After GC invocations=21 (full 0):
 garbage-first heap   total reserved 4153344K, committed 307200K, used 64526K [0x0000000702800000, 0x0000000800000000)
  region size 2M, 0 eden (0M), 5 survivor (10M), 25 old (50M), 3 humongous (6M), 117 free (234M)
}
Event: 18.867 {heap Before GC invocations=21 (full 0):
 garbage-first heap   total reserved 4153344K, committed 307200K, used 240654K [0x0000000702800000, 0x0000000800000000)
  region size 2M, 85 eden (170M), 5 survivor (10M), 25 old (50M), 4 humongous (8M), 31 free (62M)
}
Event: 18.892 {heap After GC invocations=22 (full 0):
 garbage-first heap   total reserved 4153344K, committed 307200K, used 87328K [0x0000000702800000, 0x0000000800000000)
  region size 2M, 0 eden (0M), 12 survivor (24M), 30 old (60M), 2 humongous (4M), 106 free (212M)
}
Event: 21.561 {heap Before GC invocations=22 (full 0):
 garbage-first heap   total reserved 4153344K, committed 307200K, used 249120K [0x0000000702800000, 0x0000000800000000)
  region size 2M, 78 eden (156M), 12 survivor (24M), 30 old (60M), 3 humongous (6M), 27 free (54M)
}
Event: 21.576 {heap After GC invocations=23 (full 0):
 garbage-first heap   total reserved 4153344K, committed 307200K, used 86737K [0x0000000702800000, 0x0000000800000000)
  region size 2M, 0 eden (0M), 3 survivor (6M), 37 old (74M), 3 humongous (6M), 107 free (214M)
}
Event: 23.316 {heap Before GC invocations=23 (full 0):
 garbage-first heap   total reserved 4153344K, committed 307200K, used 258769K [0x0000000702800000, 0x0000000800000000)
  region size 2M, 83 eden (166M), 3 survivor (6M), 37 old (74M), 5 humongous (10M), 22 free (44M)
}
Event: 23.328 {heap After GC invocations=24 (full 0):
 garbage-first heap   total reserved 4153344K, committed 307200K, used 106609K [0x0000000702800000, 0x0000000800000000)
  region size 2M, 0 eden (0M), 11 survivor (22M), 38 old (76M), 4 humongous (8M), 97 free (194M)
}
Event: 25.959 {heap Before GC invocations=24 (full 0):
 garbage-first heap   total reserved 4153344K, committed 307200K, used 256113K [0x0000000702800000, 0x0000000800000000)
  region size 2M, 72 eden (144M), 11 survivor (22M), 38 old (76M), 6 humongous (12M), 23 free (46M)
}
Event: 25.963 {heap After GC invocations=25 (full 0):
 garbage-first heap   total reserved 4153344K, committed 307200K, used 99123K [0x0000000702800000, 0x0000000800000000)
  region size 2M, 0 eden (0M), 4 survivor (8M), 40 old (80M), 5 humongous (10M), 101 free (202M)
}

