# JRE version: OpenJDK Runtime Environment (26.0.1+8) (build 26.0.1+8-34)
# Java VM: OpenJDK 64-Bit Server VM (26.0.1+8-34, mixed mode, sharing, tiered, compressed oops, compressed class ptrs, g1 gc, windows-amd64)
GC Precious Log:
 CardTable entry size: 512
 Card Set container configuration: InlinePtr #cards 4 size 8 Array Of Cards #cards 16 size 48 Howl #buckets 8 coarsen threshold 3686 Howl Bitmap #cards 512 size 80 coarsen threshold 460 Card regions per heap region 1 cards per card region 4096
 CPUs: 8 total, 8 available
 Memory: 16219M
 Large Page Support: Disabled
 NUMA Support: Disabled
 Compressed Oops: Enabled (Zero based)
 Heap Region Size: 2M
 Heap Min Capacity: 8M
 Heap Initial Capacity: 8M
 Heap Max Capacity: 4056M
 Pre-touch: Disabled
 Parallel Workers: 8
 Concurrent Workers: 2
 Concurrent Refinement Workers: 8
 Periodic GC: Disabled
Heap:
 garbage-first heap   total reserved 4153344K, committed 43008K, used 9307K [0x0000000702800000, 0x0000000800000000)
  region size 2M, 1 eden (2M), 1 survivor (2M), 5 old (10M), 0 humongous (0M), 14 free (28M)
GC Heap Usage History (10 events):
Event: 0.285 {heap Before GC invocations=0 (full 0):
 garbage-first heap   total reserved 4153344K, committed 10240K, used 3231K [0x0000000702800000, 0x0000000800000000)
  region size 2M, 2 eden (4M), 0 survivor (0M), 1 old (2M), 0 humongous (0M), 2 free (4M)
}
Event: 0.288 {heap After GC invocations=1 (full 0):
 garbage-first heap   total reserved 4153344K, committed 10240K, used 2786K [0x0000000702800000, 0x0000000800000000)
  region size 2M, 0 eden (0M), 1 survivor (2M), 1 old (2M), 0 humongous (0M), 3 free (6M)
}
Event: 0.324 {heap Before GC invocations=1 (full 0):
 garbage-first heap   total reserved 4153344K, committed 10240K, used 4834K [0x0000000702800000, 0x0000000800000000)
  region size 2M, 1 eden (2M), 1 survivor (2M), 1 old (2M), 0 humongous (0M), 2 free (4M)
}
Event: 0.329 {heap After GC invocations=2 (full 0):
 garbage-first heap   total reserved 4153344K, committed 10240K, used 4069K [0x0000000702800000, 0x0000000800000000)
  region size 2M, 0 eden (0M), 1 survivor (2M), 2 old (4M), 0 humongous (0M), 2 free (4M)
}
Event: 0.359 {heap Before GC invocations=2 (full 0):
 garbage-first heap   total reserved 4153344K, committed 10240K, used 6117K [0x0000000702800000, 0x0000000800000000)
  region size 2M, 1 eden (2M), 1 survivor (2M), 2 old (4M), 0 humongous (0M), 1 free (2M)
}
Event: 0.365 {heap After GC invocations=3 (full 0):
 garbage-first heap   total reserved 4153344K, committed 12288K, used 5675K [0x0000000702800000, 0x0000000800000000)
  region size 2M, 0 eden (0M), 1 survivor (2M), 3 old (6M), 0 humongous (0M), 2 free (4M)
}
Event: 0.393 {heap Before GC invocations=3 (full 0):
 garbage-first heap   total reserved 4153344K, committed 12288K, used 7723K [0x0000000702800000, 0x0000000800000000)
  region size 2M, 1 eden (2M), 1 survivor (2M), 3 old (6M), 0 humongous (0M), 1 free (2M)
}
Event: 0.921 {heap After GC invocations=4 (full 0):
 garbage-first heap   total reserved 4153344K, committed 43008K, used 7465K [0x0000000702800000, 0x0000000800000000)
  region size 2M, 0 eden (0M), 1 survivor (2M), 4 old (8M), 0 humongous (0M), 16 free (32M)
}
Event: 1.025 {heap Before GC invocations=4 (full 0):
 garbage-first heap   total reserved 4153344K, committed 43008K, used 9513K [0x0000000702800000, 0x0000000800000000)
  region size 2M, 1 eden (2M), 1 survivor (2M), 4 old (8M), 0 humongous (0M), 15 free (30M)
}
Event: 1.032 {heap After GC invocations=5 (full 0):
 garbage-first heap   total reserved 4153344K, committed 43008K, used 8234K [0x0000000702800000, 0x0000000800000000)
  region size 2M, 0 eden (0M), 1 survivor (2M), 5 old (10M), 0 humongous (0M), 15 free (30M)
}

