# JRE version: OpenJDK Runtime Environment (26.0.1+8) (build 26.0.1+8-34)
# Java VM: OpenJDK 64-Bit Server VM (26.0.1+8-34, mixed mode, sharing, tiered, compressed oops, compressed class ptrs, g1 gc, windows-amd64)
GC Precious Log:
 CardTable entry size: 512
 Card Set container configuration: InlinePtr #cards 4 size 8 Array Of Cards #cards 16 size 48 Howl #buckets 8 coarsen threshold 3686 Howl Bitmap #cards 512 size 80 coarsen threshold 460 Card regions per heap region 1 cards per card region 4096
 CPUs: 8 total, 8 available
 Memory: 16219M
 Large Page Support: Disabled
 NUMA Support: Disabled
 Compressed Oops: Enabled (Zero based)
 Heap Region Size: 2M
 Heap Min Capacity: 8M
 Heap Initial Capacity: 8M
 Heap Max Capacity: 4056M
 Pre-touch: Disabled
 Parallel Workers: 8
 Concurrent Workers: 2
 Concurrent Refinement Workers: 8
 Periodic GC: Disabled
Heap:
 garbage-first heap   total reserved 4153344K, committed 331776K, used 244731K [0x0000000702800000, 0x0000000800000000)
  region size 2M, 48 eden (96M), 3 survivor (6M), 63 old (126M), 8 humongous (16M), 40 free (80M)
GC Heap Usage History (20 events):
Event: 14.751 {heap Before GC invocations=16 (full 0):
 garbage-first heap   total reserved 4153344K, committed 331776K, used 247566K [0x0000000702800000, 0x0000000800000000)
  region size 2M, 79 eden (158M), 5 survivor (10M), 31 old (62M), 8 humongous (16M), 39 free (78M)
}
Event: 14.764 {heap After GC invocations=17 (full 0):
 garbage-first heap   total reserved 4153344K, committed 331776K, used 103437K [0x0000000702800000, 0x0000000800000000)
  region size 2M, 0 eden (0M), 11 survivor (22M), 34 old (68M), 6 humongous (12M), 111 free (222M)
}
Event: 16.822 {heap Before GC invocations=17 (full 0):
 garbage-first heap   total reserved 4153344K, committed 331776K, used 257037K [0x0000000702800000, 0x0000000800000000)
  region size 2M, 73 eden (146M), 11 survivor (22M), 34 old (68M), 8 humongous (16M), 36 free (72M)
}
Event: 16.836 {heap After GC invocations=18 (full 0):
 garbage-first heap   total reserved 4153344K, committed 331776K, used 113932K [0x0000000702800000, 0x0000000800000000)
  region size 2M, 0 eden (0M), 9 survivor (18M), 40 old (80M), 8 humongous (16M), 105 free (210M)
}
Event: 17.865 {heap Before GC invocations=18 (full 0):
 garbage-first heap   total reserved 4153344K, committed 331776K, used 259340K [0x0000000702800000, 0x0000000800000000)
  region size 2M, 71 eden (142M), 9 survivor (18M), 40 old (80M), 8 humongous (16M), 34 free (68M)
}
Event: 17.885 {heap After GC invocations=19 (full 0):
 garbage-first heap   total reserved 4153344K, committed 331776K, used 128880K [0x0000000702800000, 0x0000000800000000)
  region size 2M, 0 eden (0M), 10 survivor (20M), 47 old (94M), 7 humongous (14M), 98 free (196M)
}
Event: 19.378 {heap Before GC invocations=19 (full 0):
 garbage-first heap   total reserved 4153344K, committed 331776K, used 266096K [0x0000000702800000, 0x0000000800000000)
  region size 2M, 67 eden (134M), 10 survivor (20M), 47 old (94M), 8 humongous (16M), 30 free (60M)
}
Event: 19.389 {heap After GC invocations=20 (full 0):
 garbage-first heap   total reserved 4153344K, committed 331776K, used 133420K [0x0000000702800000, 0x0000000800000000)
  region size 2M, 0 eden (0M), 3 survivor (6M), 55 old (110M), 8 humongous (16M), 96 free (192M)
}
Event: 22.061 {heap Before GC invocations=20 (full 0):
 garbage-first heap   total reserved 4153344K, committed 331776K, used 276780K [0x0000000702800000, 0x0000000800000000)
  region size 2M, 69 eden (138M), 3 survivor (6M), 55 old (110M), 9 humongous (18M), 26 free (52M)
}
Event: 22.064 {heap After GC invocations=21 (full 0):
 garbage-first heap   total reserved 4153344K, committed 331776K, used 129393K [0x0000000702800000, 0x0000000800000000)
  region size 2M, 0 eden (0M), 3 survivor (6M), 54 old (108M), 8 humongous (16M), 97 free (194M)
}
Event: 24.048 {heap Before GC invocations=21 (full 0):
 garbage-first heap   total reserved 4153344K, committed 331776K, used 285041K [0x0000000702800000, 0x0000000800000000)
  region size 2M, 73 eden (146M), 3 survivor (6M), 54 old (108M), 11 humongous (22M), 21 free (42M)
}
Event: 24.059 {heap After GC invocations=22 (full 0):
 garbage-first heap   total reserved 4153344K, committed 331776K, used 148935K [0x0000000702800000, 0x0000000800000000)
  region size 2M, 0 eden (0M), 10 survivor (20M), 54 old (108M), 10 humongous (20M), 88 free (176M)
}
Event: 25.466 {heap Before GC invocations=22 (full 0):
 garbage-first heap   total reserved 4153344K, committed 331776K, used 282055K [0x0000000702800000, 0x0000000800000000)
  region size 2M, 64 eden (128M), 10 survivor (20M), 54 old (108M), 12 humongous (24M), 22 free (44M)
}
Event: 25.481 {heap After GC invocations=23 (full 0):
 garbage-first heap   total reserved 4153344K, committed 331776K, used 150375K [0x0000000702800000, 0x0000000800000000)
  region size 2M, 0 eden (0M), 10 survivor (20M), 55 old (110M), 10 humongous (20M), 87 free (174M)
}
Event: 27.670 {heap Before GC invocations=23 (full 0):
 garbage-first heap   total reserved 4153344K, committed 331776K, used 279399K [0x0000000702800000, 0x0000000800000000)
  region size 2M, 62 eden (124M), 10 survivor (20M), 55 old (110M), 11 humongous (22M), 24 free (48M)
}
Event: 27.683 {heap After GC invocations=24 (full 0):
 garbage-first heap   total reserved 4153344K, committed 331776K, used 153308K [0x0000000702800000, 0x0000000800000000)
  region size 2M, 0 eden (0M), 9 survivor (18M), 57 old (114M), 10 humongous (20M), 86 free (172M)
}
Event: 28.952 {heap Before GC invocations=24 (full 0):
 garbage-first heap   total reserved 4153344K, committed 331776K, used 274140K [0x0000000702800000, 0x0000000800000000)
  region size 2M, 59 eden (118M), 9 survivor (18M), 57 old (114M), 10 humongous (20M), 27 free (54M)
}
Event: 28.972 {heap After GC invocations=25 (full 0):
 garbage-first heap   total reserved 4153344K, committed 331776K, used 168727K [0x0000000702800000, 0x0000000800000000)
  region size 2M, 0 eden (0M), 8 survivor (16M), 65 old (130M), 10 humongous (20M), 79 free (158M)
}
Event: 32.187 {heap Before GC invocations=25 (full 0):
 garbage-first heap   total reserved 4153344K, committed 331776K, used 267031K [0x0000000702800000, 0x0000000800000000)
  region size 2M, 49 eden (98M), 8 survivor (16M), 65 old (130M), 10 humongous (20M), 30 free (60M)
}
Event: 32.200 {heap After GC invocations=26 (full 0):
 garbage-first heap   total reserved 4153344K, committed 331776K, used 168955K [0x0000000702800000, 0x0000000800000000)
  region size 2M, 0 eden (0M), 3 survivor (6M), 71 old (142M), 10 humongous (20M), 78 free (156M)
}

