# JRE version: OpenJDK Runtime Environment (26.0.1+8) (build 26.0.1+8-34)
# Java VM: OpenJDK 64-Bit Server VM (26.0.1+8-34, mixed mode, sharing, tiered, compressed oops, compressed class ptrs, g1 gc, windows-amd64)
GC Precious Log:
 CardTable entry size: 512
 Card Set container configuration: InlinePtr #cards 4 size 8 Array Of Cards #cards 16 size 48 Howl #buckets 8 coarsen threshold 3686 Howl Bitmap #cards 512 size 80 coarsen threshold 460 Card regions per heap region 1 cards per card region 4096
 CPUs: 8 total, 8 available
 Memory: 16219M
 Large Page Support: Disabled
 NUMA Support: Disabled
 Compressed Oops: Enabled (Zero based)
 Heap Region Size: 2M
 Heap Min Capacity: 8M
 Heap Initial Capacity: 8M
 Heap Max Capacity: 4056M
 Pre-touch: Disabled
 Parallel Workers: 8
 Concurrent Workers: 2
 Concurrent Refinement Workers: 8
 Periodic GC: Disabled
Heap:
 garbage-first heap   total reserved 4153344K, committed 387072K, used 125521K [0x0000000702800000, 0x0000000800000000)
  region size 2M, 1 eden (2M), 14 survivor (28M), 39 old (78M), 9 humongous (18M), 126 free (252M)
GC Heap Usage History (20 events):
Event: 4.077 {heap After GC invocations=12 (full 0):
 garbage-first heap   total reserved 4153344K, committed 129024K, used 19848K [0x0000000702800000, 0x0000000800000000)
  region size 2M, 0 eden (0M), 4 survivor (8M), 6 old (12M), 0 humongous (0M), 53 free (106M)
}
Event: 5.013 {heap Before GC invocations=12 (full 0):
 garbage-first heap   total reserved 4153344K, committed 129024K, used 48520K [0x0000000702800000, 0x0000000800000000)
  region size 2M, 13 eden (26M), 4 survivor (8M), 6 old (12M), 2 humongous (4M), 38 free (76M)
}
Event: 5.041 {heap After GC invocations=13 (full 0):
 garbage-first heap   total reserved 4153344K, committed 129024K, used 29163K [0x0000000702800000, 0x0000000800000000)
  region size 2M, 0 eden (0M), 5 survivor (10M), 8 old (16M), 2 humongous (4M), 48 free (96M)
}
Event: 7.586 {heap Before GC invocations=14 (full 0):
 garbage-first heap   total reserved 4153344K, committed 129024K, used 94699K [0x0000000702800000, 0x0000000800000000)
  region size 2M, 32 eden (64M), 5 survivor (10M), 8 old (16M), 2 humongous (4M), 16 free (32M)
}
Event: 7.641 {heap After GC invocations=15 (full 0):
 garbage-first heap   total reserved 4153344K, committed 129024K, used 46526K [0x0000000702800000, 0x0000000800000000)
  region size 2M, 0 eden (0M), 5 survivor (10M), 17 old (34M), 1 humongous (2M), 40 free (80M)
}
Event: 9.698 {heap Before GC invocations=15 (full 0):
 garbage-first heap   total reserved 4153344K, committed 129024K, used 101822K [0x0000000702800000, 0x0000000800000000)
  region size 2M, 27 eden (54M), 5 survivor (10M), 17 old (34M), 1 humongous (2M), 13 free (26M)
}
Event: 9.738 {heap After GC invocations=16 (full 0):
 garbage-first heap   total reserved 4153344K, committed 129024K, used 52123K [0x0000000702800000, 0x0000000800000000)
  region size 2M, 0 eden (0M), 4 survivor (8M), 21 old (42M), 1 humongous (2M), 37 free (74M)
}
Event: 12.381 {heap Before GC invocations=16 (full 0):
 garbage-first heap   total reserved 4153344K, committed 129024K, used 103323K [0x0000000702800000, 0x0000000800000000)
  region size 2M, 25 eden (50M), 4 survivor (8M), 21 old (42M), 1 humongous (2M), 12 free (24M)
}
Event: 12.422 {heap After GC invocations=17 (full 0):
 garbage-first heap   total reserved 4153344K, committed 387072K, used 57658K [0x0000000702800000, 0x0000000800000000)
  region size 2M, 0 eden (0M), 3 survivor (6M), 25 old (50M), 1 humongous (2M), 160 free (320M)
}
Event: 18.339 {heap Before GC invocations=17 (full 0):
 garbage-first heap   total reserved 4153344K, committed 387072K, used 287034K [0x0000000702800000, 0x0000000800000000)
  region size 2M, 110 eden (220M), 3 survivor (6M), 25 old (50M), 4 humongous (8M), 47 free (94M)
}
Event: 18.376 {heap After GC invocations=18 (full 0):
 garbage-first heap   total reserved 4153344K, committed 387072K, used 90567K [0x0000000702800000, 0x0000000800000000)
  region size 2M, 0 eden (0M), 15 survivor (30M), 26 old (52M), 4 humongous (8M), 144 free (288M)
}
Event: 22.811 {heap Before GC invocations=18 (full 0):
 garbage-first heap   total reserved 4153344K, committed 387072K, used 297415K [0x0000000702800000, 0x0000000800000000)
  region size 2M, 98 eden (196M), 15 survivor (30M), 26 old (52M), 7 humongous (14M), 43 free (86M)
}
Event: 22.843 {heap After GC invocations=19 (full 0):
 garbage-first heap   total reserved 4153344K, committed 387072K, used 100693K [0x0000000702800000, 0x0000000800000000)
  region size 2M, 0 eden (0M), 14 survivor (28M), 31 old (62M), 5 humongous (10M), 139 free (278M)
}
Event: 27.809 {heap Before GC invocations=19 (full 0):
 garbage-first heap   total reserved 4153344K, committed 387072K, used 307541K [0x0000000702800000, 0x0000000800000000)
  region size 2M, 99 eden (198M), 14 survivor (28M), 31 old (62M), 7 humongous (14M), 38 free (76M)
}
Event: 27.850 {heap After GC invocations=20 (full 0):
 garbage-first heap   total reserved 4153344K, committed 387072K, used 108067K [0x0000000702800000, 0x0000000800000000)
  region size 2M, 0 eden (0M), 15 survivor (30M), 33 old (66M), 5 humongous (10M), 136 free (272M)
}
Event: 34.189 {heap Before GC invocations=20 (full 0):
 garbage-first heap   total reserved 4153344K, committed 387072K, used 310819K [0x0000000702800000, 0x0000000800000000)
  region size 2M, 98 eden (196M), 15 survivor (30M), 33 old (66M), 6 humongous (12M), 37 free (74M)
}
Event: 34.212 {heap After GC invocations=21 (full 0):
 garbage-first heap   total reserved 4153344K, committed 387072K, used 104094K [0x0000000702800000, 0x0000000800000000)
  region size 2M, 0 eden (0M), 12 survivor (24M), 35 old (70M), 5 humongous (10M), 137 free (274M)
}
Event: 40.021 {heap Before GC invocations=21 (full 0):
 garbage-first heap   total reserved 4153344K, committed 387072K, used 315038K [0x0000000702800000, 0x0000000800000000)
  region size 2M, 101 eden (202M), 12 survivor (24M), 35 old (70M), 7 humongous (14M), 34 free (68M)
}
Event: 40.039 {heap After GC invocations=22 (full 0):
 garbage-first heap   total reserved 4153344K, committed 387072K, used 113037K [0x0000000702800000, 0x0000000800000000)
  region size 2M, 0 eden (0M), 12 survivor (24M), 37 old (74M), 7 humongous (14M), 133 free (266M)
}
Event: 46.933 {heap Before GC invocations=22 (full 0):
 garbage-first heap   total reserved 4153344K, committed 387072K, used 317837K [0x0000000702800000, 0x0000000800000000)
  region size 2M, 97 eden (194M), 12 survivor (24M), 37 old (74M), 10 humongous (20M), 33 free (66M)
}

