# JRE version: OpenJDK Runtime Environment (26.0.1+8) (build 26.0.1+8-34)
# Java VM: OpenJDK 64-Bit Server VM (26.0.1+8-34, mixed mode, sharing, tiered, compressed oops, compressed class ptrs, g1 gc, windows-amd64)
GC Precious Log:
 CardTable entry size: 512
 Card Set container configuration: InlinePtr #cards 4 size 8 Array Of Cards #cards 16 size 48 Howl #buckets 8 coarsen threshold 3686 Howl Bitmap #cards 512 size 80 coarsen threshold 460 Card regions per heap region 1 cards per card region 4096
 CPUs: 8 total, 8 available
 Memory: 16219M
 Large Page Support: Disabled
 NUMA Support: Disabled
 Compressed Oops: Enabled (Zero based)
 Heap Region Size: 2M
 Heap Min Capacity: 8M
 Heap Initial Capacity: 8M
 Heap Max Capacity: 4056M
 Pre-touch: Disabled
 Parallel Workers: 8
 Concurrent Workers: 2
 Concurrent Refinement Workers: 8
 Periodic GC: Disabled
Heap:
 garbage-first heap   total reserved 4153344K, committed 129024K, used 59189K [0x0000000702800000, 0x0000000800000000)
  region size 2M, 0 eden (0M), 2 survivor (4M), 26 old (52M), 2 humongous (4M), 33 free (66M)
GC Heap Usage History (20 events):
Event: 0.335 {heap After GC invocations=4 (full 0):
 garbage-first heap   total reserved 4153344K, committed 43008K, used 7076K [0x0000000702800000, 0x0000000800000000)
  region size 2M, 0 eden (0M), 1 survivor (2M), 4 old (8M), 0 humongous (0M), 16 free (32M)
}
Event: 0.746 {heap Before GC invocations=4 (full 0):
 garbage-first heap   total reserved 4153344K, committed 43008K, used 17316K [0x0000000702800000, 0x0000000800000000)
  region size 2M, 6 eden (12M), 1 survivor (2M), 4 old (8M), 0 humongous (0M), 10 free (20M)
}
Event: 0.751 {heap After GC invocations=5 (full 0):
 garbage-first heap   total reserved 4153344K, committed 43008K, used 8661K [0x0000000702800000, 0x0000000800000000)
  region size 2M, 0 eden (0M), 1 survivor (2M), 4 old (8M), 0 humongous (0M), 16 free (32M)
}
Event: 0.948 {heap Before GC invocations=5 (full 0):
 garbage-first heap   total reserved 4153344K, committed 43008K, used 18901K [0x0000000702800000, 0x0000000800000000)
  region size 2M, 5 eden (10M), 1 survivor (2M), 4 old (8M), 0 humongous (0M), 11 free (22M)
}
Event: 0.953 {heap After GC invocations=6 (full 0):
 garbage-first heap   total reserved 4153344K, committed 43008K, used 9120K [0x0000000702800000, 0x0000000800000000)
  region size 2M, 0 eden (0M), 1 survivor (2M), 5 old (10M), 0 humongous (0M), 15 free (30M)
}
Event: 1.266 {heap Before GC invocations=6 (full 0):
 garbage-first heap   total reserved 4153344K, committed 43008K, used 19360K [0x0000000702800000, 0x0000000800000000)
  region size 2M, 6 eden (12M), 1 survivor (2M), 5 old (10M), 0 humongous (0M), 9 free (18M)
}
Event: 1.269 {heap After GC invocations=7 (full 0):
 garbage-first heap   total reserved 4153344K, committed 43008K, used 9632K [0x0000000702800000, 0x0000000800000000)
  region size 2M, 0 eden (0M), 1 survivor (2M), 5 old (10M), 0 humongous (0M), 15 free (30M)
}
Event: 1.625 {heap Before GC invocations=7 (full 0):
 garbage-first heap   total reserved 4153344K, committed 43008K, used 23968K [0x0000000702800000, 0x0000000800000000)
  region size 2M, 7 eden (14M), 1 survivor (2M), 5 old (10M), 0 humongous (0M), 8 free (16M)
}
Event: 1.630 {heap After GC invocations=8 (full 0):
 garbage-first heap   total reserved 4153344K, committed 43008K, used 10875K [0x0000000702800000, 0x0000000800000000)
  region size 2M, 0 eden (0M), 1 survivor (2M), 5 old (10M), 0 humongous (0M), 15 free (30M)
}
Event: 2.227 {heap Before GC invocations=8 (full 0):
 garbage-first heap   total reserved 4153344K, committed 43008K, used 29307K [0x0000000702800000, 0x0000000800000000)
  region size 2M, 9 eden (18M), 1 survivor (2M), 5 old (10M), 0 humongous (0M), 6 free (12M)
}
Event: 2.236 {heap After GC invocations=9 (full 0):
 garbage-first heap   total reserved 4153344K, committed 129024K, used 12989K [0x0000000702800000, 0x0000000800000000)
  region size 2M, 0 eden (0M), 2 survivor (4M), 5 old (10M), 0 humongous (0M), 56 free (112M)
}
Event: 3.547 {heap Before GC invocations=9 (full 0):
 garbage-first heap   total reserved 4153344K, committed 129024K, used 84669K [0x0000000702800000, 0x0000000800000000)
  region size 2M, 35 eden (70M), 2 survivor (4M), 5 old (10M), 0 humongous (0M), 21 free (42M)
}
Event: 3.559 {heap After GC invocations=10 (full 0):
 garbage-first heap   total reserved 4153344K, committed 129024K, used 18425K [0x0000000702800000, 0x0000000800000000)
  region size 2M, 0 eden (0M), 5 survivor (10M), 5 old (10M), 0 humongous (0M), 53 free (106M)
}
Event: 4.682 {heap Before GC invocations=10 (full 0):
 garbage-first heap   total reserved 4153344K, committed 129024K, used 71673K [0x0000000702800000, 0x0000000800000000)
  region size 2M, 25 eden (50M), 5 survivor (10M), 5 old (10M), 2 humongous (4M), 26 free (52M)
}
Event: 4.703 {heap After GC invocations=11 (full 0):
 garbage-first heap   total reserved 4153344K, committed 129024K, used 28350K [0x0000000702800000, 0x0000000800000000)
  region size 2M, 0 eden (0M), 5 survivor (10M), 8 old (16M), 2 humongous (4M), 48 free (96M)
}
Event: 5.809 {heap Before GC invocations=12 (full 0):
 garbage-first heap   total reserved 4153344K, committed 129024K, used 91838K [0x0000000702800000, 0x0000000800000000)
  region size 2M, 32 eden (64M), 5 survivor (10M), 8 old (16M), 2 humongous (4M), 16 free (32M)
}
Event: 5.834 {heap After GC invocations=13 (full 0):
 garbage-first heap   total reserved 4153344K, committed 129024K, used 47711K [0x0000000702800000, 0x0000000800000000)
  region size 2M, 0 eden (0M), 5 survivor (10M), 17 old (34M), 2 humongous (4M), 39 free (78M)
}
Event: 6.839 {heap Before GC invocations=13 (full 0):
 garbage-first heap   total reserved 4153344K, committed 129024K, used 100959K [0x0000000702800000, 0x0000000800000000)
  region size 2M, 26 eden (52M), 5 survivor (10M), 17 old (34M), 2 humongous (4M), 13 free (26M)
}
Event: 6.863 {heap After GC invocations=14 (full 0):
 garbage-first heap   total reserved 4153344K, committed 129024K, used 54559K [0x0000000702800000, 0x0000000800000000)
  region size 2M, 0 eden (0M), 4 survivor (8M), 22 old (44M), 2 humongous (4M), 35 free (70M)
}
Event: 7.725 {heap Before GC invocations=14 (full 0):
 garbage-first heap   total reserved 4153344K, committed 129024K, used 103711K [0x0000000702800000, 0x0000000800000000)
  region size 2M, 24 eden (48M), 4 survivor (8M), 22 old (44M), 2 humongous (4M), 11 free (22M)
}

