# JRE version: OpenJDK Runtime Environment (26.0.1+8) (build 26.0.1+8-34)
# Java VM: OpenJDK 64-Bit Server VM (26.0.1+8-34, mixed mode, sharing, tiered, compressed oops, compressed class ptrs, g1 gc, windows-amd64)
GC Precious Log:
 CardTable entry size: 512
 Card Set container configuration: InlinePtr #cards 4 size 8 Array Of Cards #cards 16 size 48 Howl #buckets 8 coarsen threshold 3686 Howl Bitmap #cards 512 size 80 coarsen threshold 460 Card regions per heap region 1 cards per card region 4096
 CPUs: 8 total, 8 available
 Memory: 16219M
 Large Page Support: Disabled
 NUMA Support: Disabled
 Compressed Oops: Enabled (Zero based)
 Heap Region Size: 2M
 Heap Min Capacity: 8M
 Heap Initial Capacity: 8M
 Heap Max Capacity: 4056M
 Pre-touch: Disabled
 Parallel Workers: 8
 Concurrent Workers: 2
 Concurrent Refinement Workers: 8
 Periodic GC: Disabled
Heap:
 garbage-first heap   total reserved 4153344K, committed 182272K, used 94706K [0x0000000702800000, 0x0000000800000000)
  region size 2M, 1 eden (2M), 5 survivor (10M), 37 old (74M), 5 humongous (10M), 41 free (82M)
GC Heap Usage History (20 events):
Event: 1.625 {heap Before GC invocations=7 (full 0):
 garbage-first heap   total reserved 4153344K, committed 43008K, used 23790K [0x0000000702800000, 0x0000000800000000)
  region size 2M, 7 eden (14M), 1 survivor (2M), 5 old (10M), 0 humongous (0M), 8 free (16M)
}
Event: 1.631 {heap After GC invocations=8 (full 0):
 garbage-first heap   total reserved 4153344K, committed 43008K, used 10718K [0x0000000702800000, 0x0000000800000000)
  region size 2M, 0 eden (0M), 1 survivor (2M), 5 old (10M), 0 humongous (0M), 15 free (30M)
}
Event: 2.192 {heap Before GC invocations=8 (full 0):
 garbage-first heap   total reserved 4153344K, committed 43008K, used 27102K [0x0000000702800000, 0x0000000800000000)
  region size 2M, 9 eden (18M), 1 survivor (2M), 5 old (10M), 0 humongous (0M), 6 free (12M)
}
Event: 2.202 {heap After GC invocations=9 (full 0):
 garbage-first heap   total reserved 4153344K, committed 129024K, used 12766K [0x0000000702800000, 0x0000000800000000)
  region size 2M, 0 eden (0M), 2 survivor (4M), 5 old (10M), 0 humongous (0M), 56 free (112M)
}
Event: 3.437 {heap Before GC invocations=9 (full 0):
 garbage-first heap   total reserved 4153344K, committed 129024K, used 84446K [0x0000000702800000, 0x0000000800000000)
  region size 2M, 35 eden (70M), 2 survivor (4M), 5 old (10M), 0 humongous (0M), 21 free (42M)
}
Event: 3.451 {heap After GC invocations=10 (full 0):
 garbage-first heap   total reserved 4153344K, committed 129024K, used 17758K [0x0000000702800000, 0x0000000800000000)
  region size 2M, 0 eden (0M), 5 survivor (10M), 5 old (10M), 0 humongous (0M), 53 free (106M)
}
Event: 4.698 {heap Before GC invocations=10 (full 0):
 garbage-first heap   total reserved 4153344K, committed 129024K, used 71006K [0x0000000702800000, 0x0000000800000000)
  region size 2M, 25 eden (50M), 5 survivor (10M), 5 old (10M), 2 humongous (4M), 26 free (52M)
}
Event: 4.718 {heap After GC invocations=11 (full 0):
 garbage-first heap   total reserved 4153344K, committed 129024K, used 28130K [0x0000000702800000, 0x0000000800000000)
  region size 2M, 0 eden (0M), 5 survivor (10M), 8 old (16M), 2 humongous (4M), 48 free (96M)
}
Event: 5.812 {heap Before GC invocations=12 (full 0):
 garbage-first heap   total reserved 4153344K, committed 129024K, used 91618K [0x0000000702800000, 0x0000000800000000)
  region size 2M, 32 eden (64M), 5 survivor (10M), 8 old (16M), 2 humongous (4M), 16 free (32M)
}
Event: 5.838 {heap After GC invocations=13 (full 0):
 garbage-first heap   total reserved 4153344K, committed 129024K, used 47699K [0x0000000702800000, 0x0000000800000000)
  region size 2M, 0 eden (0M), 5 survivor (10M), 17 old (34M), 2 humongous (4M), 39 free (78M)
}
Event: 6.772 {heap Before GC invocations=13 (full 0):
 garbage-first heap   total reserved 4153344K, committed 129024K, used 100947K [0x0000000702800000, 0x0000000800000000)
  region size 2M, 26 eden (52M), 5 survivor (10M), 17 old (34M), 2 humongous (4M), 13 free (26M)
}
Event: 6.796 {heap After GC invocations=14 (full 0):
 garbage-first heap   total reserved 4153344K, committed 129024K, used 56479K [0x0000000702800000, 0x0000000800000000)
  region size 2M, 0 eden (0M), 4 survivor (8M), 22 old (44M), 2 humongous (4M), 35 free (70M)
}
Event: 7.701 {heap Before GC invocations=14 (full 0):
 garbage-first heap   total reserved 4153344K, committed 129024K, used 105631K [0x0000000702800000, 0x0000000800000000)
  region size 2M, 24 eden (48M), 4 survivor (8M), 22 old (44M), 2 humongous (4M), 11 free (22M)
}
Event: 7.722 {heap After GC invocations=15 (full 0):
 garbage-first heap   total reserved 4153344K, committed 129024K, used 60445K [0x0000000702800000, 0x0000000800000000)
  region size 2M, 0 eden (0M), 2 survivor (4M), 26 old (52M), 2 humongous (4M), 33 free (66M)
}
Event: 8.527 {heap Before GC invocations=15 (full 0):
 garbage-first heap   total reserved 4153344K, committed 129024K, used 107549K [0x0000000702800000, 0x0000000800000000)
  region size 2M, 23 eden (46M), 2 survivor (4M), 26 old (52M), 2 humongous (4M), 10 free (20M)
}
Event: 8.541 {heap After GC invocations=16 (full 0):
 garbage-first heap   total reserved 4153344K, committed 129024K, used 62493K [0x0000000702800000, 0x0000000800000000)
  region size 2M, 0 eden (0M), 3 survivor (6M), 26 old (52M), 2 humongous (4M), 32 free (64M)
}
Event: 9.588 {heap Before GC invocations=16 (full 0):
 garbage-first heap   total reserved 4153344K, committed 129024K, used 93213K [0x0000000702800000, 0x0000000800000000)
  region size 2M, 17 eden (34M), 3 survivor (6M), 26 old (52M), 2 humongous (4M), 15 free (30M)
}
Event: 9.605 {heap After GC invocations=17 (full 0):
 garbage-first heap   total reserved 4153344K, committed 182272K, used 64600K [0x0000000702800000, 0x0000000800000000)
  region size 2M, 0 eden (0M), 3 survivor (6M), 28 old (56M), 2 humongous (4M), 56 free (112M)
}
Event: 10.596 {heap Before GC invocations=17 (full 0):
 garbage-first heap   total reserved 4153344K, committed 182272K, used 152664K [0x0000000702800000, 0x0000000800000000)
  region size 2M, 42 eden (84M), 3 survivor (6M), 28 old (56M), 4 humongous (8M), 12 free (24M)
}
Event: 10.614 {heap After GC invocations=18 (full 0):
 garbage-first heap   total reserved 4153344K, committed 182272K, used 86659K [0x0000000702800000, 0x0000000800000000)
  region size 2M, 0 eden (0M), 6 survivor (12M), 33 old (66M), 4 humongous (8M), 46 free (92M)
}

