# JRE version: OpenJDK Runtime Environment (26.0.1+8) (build 26.0.1+8-34)
# Java VM: OpenJDK 64-Bit Server VM (26.0.1+8-34, mixed mode, sharing, tiered, compressed oops, compressed class ptrs, g1 gc, windows-amd64)
GC Precious Log:
 CardTable entry size: 512
 Card Set container configuration: InlinePtr #cards 4 size 8 Array Of Cards #cards 16 size 48 Howl #buckets 8 coarsen threshold 3686 Howl Bitmap #cards 512 size 80 coarsen threshold 460 Card regions per heap region 1 cards per card region 4096
 CPUs: 8 total, 8 available
 Memory: 16219M
 Large Page Support: Disabled
 NUMA Support: Disabled
 Compressed Oops: Enabled (Zero based)
 Heap Region Size: 2M
 Heap Min Capacity: 8M
 Heap Initial Capacity: 8M
 Heap Max Capacity: 4056M
 Pre-touch: Disabled
 Parallel Workers: 8
 Concurrent Workers: 2
 Concurrent Refinement Workers: 8
 Periodic GC: Disabled
Heap:
 garbage-first heap   total reserved 4153344K, committed 331776K, used 70815K [0x0000000702800000, 0x0000000800000000)
  region size 2M, 10 eden (20M), 2 survivor (4M), 23 old (46M), 1 humongous (2M), 126 free (252M)
GC Heap Usage History (20 events):
Event: 1.256 {heap Before GC invocations=5 (full 0):
 garbage-first heap   total reserved 4153344K, committed 36864K, used 16218K [0x0000000702800000, 0x0000000800000000)
  region size 2M, 5 eden (10M), 1 survivor (2M), 4 old (8M), 0 humongous (0M), 8 free (16M)
}
Event: 1.260 {heap After GC invocations=6 (full 0):
 garbage-first heap   total reserved 4153344K, committed 36864K, used 6375K [0x0000000702800000, 0x0000000800000000)
  region size 2M, 0 eden (0M), 1 survivor (2M), 4 old (8M), 0 humongous (0M), 13 free (26M)
}
Event: 1.633 {heap Before GC invocations=6 (full 0):
 garbage-first heap   total reserved 4153344K, committed 36864K, used 18663K [0x0000000702800000, 0x0000000800000000)
  region size 2M, 6 eden (12M), 1 survivor (2M), 4 old (8M), 0 humongous (0M), 7 free (14M)
}
Event: 1.638 {heap After GC invocations=7 (full 0):
 garbage-first heap   total reserved 4153344K, committed 36864K, used 7047K [0x0000000702800000, 0x0000000800000000)
  region size 2M, 0 eden (0M), 1 survivor (2M), 4 old (8M), 0 humongous (0M), 13 free (26M)
}
Event: 2.202 {heap Before GC invocations=7 (full 0):
 garbage-first heap   total reserved 4153344K, committed 36864K, used 23431K [0x0000000702800000, 0x0000000800000000)
  region size 2M, 8 eden (16M), 1 survivor (2M), 4 old (8M), 0 humongous (0M), 5 free (10M)
}
Event: 2.212 {heap After GC invocations=8 (full 0):
 garbage-first heap   total reserved 4153344K, committed 36864K, used 9011K [0x0000000702800000, 0x0000000800000000)
  region size 2M, 0 eden (0M), 2 survivor (4M), 4 old (8M), 0 humongous (0M), 12 free (24M)
}
Event: 2.782 {heap Before GC invocations=8 (full 0):
 garbage-first heap   total reserved 4153344K, committed 36864K, used 25395K [0x0000000702800000, 0x0000000800000000)
  region size 2M, 8 eden (16M), 2 survivor (4M), 4 old (8M), 0 humongous (0M), 4 free (8M)
}
Event: 2.797 {heap After GC invocations=9 (full 0):
 garbage-first heap   total reserved 4153344K, committed 36864K, used 10580K [0x0000000702800000, 0x0000000800000000)
  region size 2M, 0 eden (0M), 2 survivor (4M), 4 old (8M), 0 humongous (0M), 12 free (24M)
}
Event: 3.185 {heap Before GC invocations=9 (full 0):
 garbage-first heap   total reserved 4153344K, committed 36864K, used 26964K [0x0000000702800000, 0x0000000800000000)
  region size 2M, 8 eden (16M), 2 survivor (4M), 4 old (8M), 0 humongous (0M), 4 free (8M)
}
Event: 3.201 {heap After GC invocations=10 (full 0):
 garbage-first heap   total reserved 4153344K, committed 110592K, used 12881K [0x0000000702800000, 0x0000000800000000)
  region size 2M, 0 eden (0M), 2 survivor (4M), 5 old (10M), 0 humongous (0M), 47 free (94M)
}
Event: 4.864 {heap Before GC invocations=10 (full 0):
 garbage-first heap   total reserved 4153344K, committed 110592K, used 74321K [0x0000000702800000, 0x0000000800000000)
  region size 2M, 30 eden (60M), 2 survivor (4M), 5 old (10M), 0 humongous (0M), 17 free (34M)
}
Event: 4.882 {heap After GC invocations=11 (full 0):
 garbage-first heap   total reserved 4153344K, committed 110592K, used 16404K [0x0000000702800000, 0x0000000800000000)
  region size 2M, 0 eden (0M), 4 survivor (8M), 5 old (10M), 0 humongous (0M), 45 free (90M)
}
Event: 6.137 {heap Before GC invocations=11 (full 0):
 garbage-first heap   total reserved 4153344K, committed 110592K, used 57364K [0x0000000702800000, 0x0000000800000000)
  region size 2M, 19 eden (38M), 4 survivor (8M), 5 old (10M), 2 humongous (4M), 24 free (48M)
}
Event: 6.164 {heap After GC invocations=12 (full 0):
 garbage-first heap   total reserved 4153344K, committed 110592K, used 25887K [0x0000000702800000, 0x0000000800000000)
  region size 2M, 0 eden (0M), 4 survivor (8M), 8 old (16M), 2 humongous (4M), 40 free (80M)
}
Event: 7.630 {heap Before GC invocations=13 (full 0):
 garbage-first heap   total reserved 4153344K, committed 110592K, used 83231K [0x0000000702800000, 0x0000000800000000)
  region size 2M, 28 eden (56M), 4 survivor (8M), 8 old (16M), 2 humongous (4M), 12 free (24M)
}
Event: 7.674 {heap After GC invocations=14 (full 0):
 garbage-first heap   total reserved 4153344K, committed 110592K, used 40095K [0x0000000702800000, 0x0000000800000000)
  region size 2M, 0 eden (0M), 4 survivor (8M), 15 old (30M), 1 humongous (2M), 34 free (68M)
}
Event: 8.407 {heap Before GC invocations=14 (full 0):
 garbage-first heap   total reserved 4153344K, committed 110592K, used 87199K [0x0000000702800000, 0x0000000800000000)
  region size 2M, 23 eden (46M), 4 survivor (8M), 15 old (30M), 1 humongous (2M), 11 free (22M)
}
Event: 8.452 {heap After GC invocations=15 (full 0):
 garbage-first heap   total reserved 4153344K, committed 110592K, used 48287K [0x0000000702800000, 0x0000000800000000)
  region size 2M, 0 eden (0M), 4 survivor (8M), 19 old (38M), 1 humongous (2M), 30 free (60M)
}
Event: 9.795 {heap Before GC invocations=15 (full 0):
 garbage-first heap   total reserved 4153344K, committed 110592K, used 89247K [0x0000000702800000, 0x0000000800000000)
  region size 2M, 20 eden (40M), 4 survivor (8M), 19 old (38M), 1 humongous (2M), 10 free (20M)
}
Event: 10.130 {heap After GC invocations=16 (full 0):
 garbage-first heap   total reserved 4153344K, committed 331776K, used 52383K [0x0000000702800000, 0x0000000800000000)
  region size 2M, 0 eden (0M), 2 survivor (4M), 23 old (46M), 1 humongous (2M), 136 free (272M)
}

