# JRE version: OpenJDK Runtime Environment (26.0.1+8) (build 26.0.1+8-34)
# Java VM: OpenJDK 64-Bit Server VM (26.0.1+8-34, mixed mode, sharing, tiered, compressed oops, compressed class ptrs, g1 gc, windows-amd64)
GC Precious Log:
 CardTable entry size: 512
 Card Set container configuration: InlinePtr #cards 4 size 8 Array Of Cards #cards 16 size 48 Howl #buckets 8 coarsen threshold 3686 Howl Bitmap #cards 512 size 80 coarsen threshold 460 Card regions per heap region 1 cards per card region 4096
 CPUs: 8 total, 8 available
 Memory: 16219M
 Large Page Support: Disabled
 NUMA Support: Disabled
 Compressed Oops: Enabled (Zero based)
 Heap Region Size: 2M
 Heap Min Capacity: 8M
 Heap Initial Capacity: 8M
 Heap Max Capacity: 4056M
 Pre-touch: Disabled
 Parallel Workers: 8
 Concurrent Workers: 2
 Concurrent Refinement Workers: 8
 Periodic GC: Disabled
Heap:
 garbage-first heap   total reserved 4153344K, committed 344064K, used 158887K [0x0000000702800000, 0x0000000800000000)
  region size 2M, 50 eden (100M), 2 survivor (4M), 25 old (50M), 2 humongous (4M), 89 free (178M)
GC Heap Usage History (20 events):
Event: 2.991 {heap Before GC invocations=8 (full 0):
 garbage-first heap   total reserved 4153344K, committed 36864K, used 20601K [0x0000000702800000, 0x0000000800000000)
  region size 2M, 6 eden (12M), 1 survivor (2M), 5 old (10M), 0 humongous (0M), 6 free (12M)
}
Event: 3.001 {heap After GC invocations=9 (full 0):
 garbage-first heap   total reserved 4153344K, committed 36864K, used 11331K [0x0000000702800000, 0x0000000800000000)
  region size 2M, 0 eden (0M), 1 survivor (2M), 5 old (10M), 0 humongous (0M), 12 free (24M)
}
Event: 4.370 {heap Before GC invocations=9 (full 0):
 garbage-first heap   total reserved 4153344K, committed 36864K, used 23619K [0x0000000702800000, 0x0000000800000000)
  region size 2M, 7 eden (14M), 1 survivor (2M), 5 old (10M), 0 humongous (0M), 5 free (10M)
}
Event: 4.388 {heap After GC invocations=10 (full 0):
 garbage-first heap   total reserved 4153344K, committed 36864K, used 13239K [0x0000000702800000, 0x0000000800000000)
  region size 2M, 0 eden (0M), 1 survivor (2M), 6 old (12M), 0 humongous (0M), 11 free (22M)
}
Event: 5.305 {heap Before GC invocations=10 (full 0):
 garbage-first heap   total reserved 4153344K, committed 36864K, used 27575K [0x0000000702800000, 0x0000000800000000)
  region size 2M, 7 eden (14M), 1 survivor (2M), 6 old (12M), 0 humongous (0M), 4 free (8M)
}
Event: 5.323 {heap After GC invocations=11 (full 0):
 garbage-first heap   total reserved 4153344K, committed 36864K, used 15144K [0x0000000702800000, 0x0000000800000000)
  region size 2M, 0 eden (0M), 1 survivor (2M), 7 old (14M), 0 humongous (0M), 10 free (20M)
}
Event: 5.862 {heap Before GC invocations=11 (full 0):
 garbage-first heap   total reserved 4153344K, committed 36864K, used 27432K [0x0000000702800000, 0x0000000800000000)
  region size 2M, 6 eden (12M), 1 survivor (2M), 7 old (14M), 0 humongous (0M), 4 free (8M)
}
Event: 5.875 {heap After GC invocations=12 (full 0):
 garbage-first heap   total reserved 4153344K, committed 36864K, used 16452K [0x0000000702800000, 0x0000000800000000)
  region size 2M, 0 eden (0M), 1 survivor (2M), 8 old (16M), 0 humongous (0M), 9 free (18M)
}
Event: 6.266 {heap Before GC invocations=12 (full 0):
 garbage-first heap   total reserved 4153344K, committed 36864K, used 28740K [0x0000000702800000, 0x0000000800000000)
  region size 2M, 6 eden (12M), 1 survivor (2M), 8 old (16M), 0 humongous (0M), 3 free (6M)
}
Event: 6.278 {heap After GC invocations=13 (full 0):
 garbage-first heap   total reserved 4153344K, committed 110592K, used 17674K [0x0000000702800000, 0x0000000800000000)
  region size 2M, 0 eden (0M), 1 survivor (2M), 8 old (16M), 0 humongous (0M), 45 free (90M)
}
Event: 9.130 {heap Before GC invocations=13 (full 0):
 garbage-first heap   total reserved 4153344K, committed 110592K, used 81162K [0x0000000702800000, 0x0000000800000000)
  region size 2M, 31 eden (62M), 1 survivor (2M), 8 old (16M), 0 humongous (0M), 14 free (28M)
}
Event: 9.153 {heap After GC invocations=14 (full 0):
 garbage-first heap   total reserved 4153344K, committed 110592K, used 21383K [0x0000000702800000, 0x0000000800000000)
  region size 2M, 0 eden (0M), 3 survivor (6M), 8 old (16M), 0 humongous (0M), 43 free (86M)
}
Event: 11.280 {heap Before GC invocations=14 (full 0):
 garbage-first heap   total reserved 4153344K, committed 110592K, used 56199K [0x0000000702800000, 0x0000000800000000)
  region size 2M, 16 eden (32M), 3 survivor (6M), 8 old (16M), 2 humongous (4M), 25 free (50M)
}
Event: 11.311 {heap After GC invocations=15 (full 0):
 garbage-first heap   total reserved 4153344K, committed 110592K, used 30424K [0x0000000702800000, 0x0000000800000000)
  region size 2M, 0 eden (0M), 4 survivor (8M), 9 old (18M), 2 humongous (4M), 39 free (78M)
}
Event: 13.961 {heap Before GC invocations=16 (full 0):
 garbage-first heap   total reserved 4153344K, committed 110592K, used 87768K [0x0000000702800000, 0x0000000800000000)
  region size 2M, 28 eden (56M), 4 survivor (8M), 9 old (18M), 2 humongous (4M), 11 free (22M)
}
Event: 14.014 {heap After GC invocations=17 (full 0):
 garbage-first heap   total reserved 4153344K, committed 114688K, used 48079K [0x0000000702800000, 0x0000000800000000)
  region size 2M, 0 eden (0M), 4 survivor (8M), 18 old (36M), 2 humongous (4M), 32 free (64M)
}
Event: 15.119 {heap Before GC invocations=17 (full 0):
 garbage-first heap   total reserved 4153344K, committed 114688K, used 91087K [0x0000000702800000, 0x0000000800000000)
  region size 2M, 21 eden (42M), 4 survivor (8M), 18 old (36M), 2 humongous (4M), 11 free (22M)
}
Event: 15.189 {heap After GC invocations=18 (full 0):
 garbage-first heap   total reserved 4153344K, committed 114688K, used 54272K [0x0000000702800000, 0x0000000800000000)
  region size 2M, 0 eden (0M), 4 survivor (8M), 21 old (42M), 2 humongous (4M), 29 free (58M)
}
Event: 17.897 {heap Before GC invocations=18 (full 0):
 garbage-first heap   total reserved 4153344K, committed 114688K, used 93184K [0x0000000702800000, 0x0000000800000000)
  region size 2M, 19 eden (38M), 4 survivor (8M), 21 old (42M), 2 humongous (4M), 10 free (20M)
}
Event: 17.939 {heap After GC invocations=19 (full 0):
 garbage-first heap   total reserved 4153344K, committed 344064K, used 58535K [0x0000000702800000, 0x0000000800000000)
  region size 2M, 0 eden (0M), 2 survivor (4M), 25 old (50M), 2 humongous (4M), 139 free (278M)
}

